<?xml version="1.0" encoding="utf-8"?><testsuites name="pytest tests"><testsuite name="pytest" errors="0" failures="0" skipped="0" tests="38" time="10.448" timestamp="2026-08-09T16:37:02.862725+08:00" hostname="DESKTOP-ZJQ"><testcase classname="tests.test_article_empirical_tex" name="test_empirical_tex_structure_and_references" time="0.014" /><testcase classname="tests.test_cir" name="test_cir_density_integrates_to_one" time="0.116" /><testcase classname="tests.test_copula" name="test_gaussian_copula_independence_density_is_one" time="0.001" /><testcase classname="tests.test_copula" name="test_two_scale_dependence_and_lambda_zero_nesting" time="0.002" /><testcase classname="tests.test_data_audit" name="test_raw_hash_rows_range_and_duplicates" time="1.393" /><testcase classname="tests.test_data_audit" name="test_raw_file_is_not_rewritten" time="0.076" /><testcase classname="tests.test_extended_copulas" name="test_extended_copula_densities_integrate_to_one" time="1.387" /><testcase classname="tests.test_extended_copulas" name="test_survival_copula_is_reflection" time="0.002" /><testcase classname="tests.test_extended_copulas" name="test_mixed_family_nests_base_at_zero_lambda" time="0.002" /><testcase classname="tests.test_extended_copulas" name="test_skew_t_is_symmetric_at_unit_skew_and_cdf_monotone" time="0.009" /><testcase classname="tests.test_extended_copulas" name="test_frank_tau_is_increasing" time="0.001" /><testcase classname="tests.test_extended_dynamics" name="test_jump_ou_nests_ou_at_zero_intensity" time="0.002" /><testcase classname="tests.test_extended_dynamics" name="test_seasonal_intensity_is_nonnegative_and_constant_case_matches_mou" time="0.003" /><testcase classname="tests.test_extended_dynamics" name="test_nested_ou_nests_single_ou_when_rates_equal_in_limit" time="0.002" /><testcase classname="tests.test_extended_dynamics" name="test_time_varying_gaussian_reduces_to_stationary_gaussian_transition" time="0.002" /><testcase classname="tests.test_full_model_suite_acceptance" name="test_full_registry_is_unique_and_covers_article_nonlinear_families" time="0.001" /><testcase classname="tests.test_full_model_suite_acceptance" name="test_updated_stage_gate_and_terminal_statuses" time="0.010" /><testcase classname="tests.test_full_model_suite_acceptance" name="test_validation_selection_is_complete_and_test_free" time="0.011" /><testcase classname="tests.test_gamma_copula" name="test_article_gamma_case1_has_no_finite_root_on_prespecified_range" time="0.278" /><testcase classname="tests.test_gamma_copula" name="test_gaussian_gamma_conditional_density_integrates_to_one" time="0.038" /><testcase classname="tests.test_matched_bootstrap" name="test_matched_joint_bootstrap_uses_identical_design" time="0.087" /><testcase classname="tests.test_methodology_tex_updates" name="test_codex_methodology_contains_full_model_gate" time="0.009" /><testcase classname="tests.test_methodology_tex_updates" name="test_empirical_design_requires_full_registry_before_selection" time="0.005" /><testcase classname="tests.test_mixed_models" name="test_mou_lambda_zero_equals_ou_pointwise" time="0.001" /><testcase classname="tests.test_mixed_models" name="test_mou_simulated_conditional_mean" time="2.243" /><testcase classname="tests.test_no_lookahead" name="test_test_mapping_uses_training_distribution_only" time="0.002" /><testcase classname="tests.test_nonlinear_transforms" name="test_exponential_ou_inverse_and_jacobian" time="0.002" /><testcase classname="tests.test_nonlinear_transforms" name="test_ou_special_is_not_globally_monotone" time="0.424" /><testcase classname="tests.test_nonlinear_transforms" name="test_quadratic_cir_inverse_and_jacobian_in_admissible_case" time="0.003" /><testcase classname="tests.test_nonlinear_transforms" name="test_exponential_cir_inverse_in_admissible_case" time="0.002" /><testcase classname="tests.test_nonlinear_transforms" name="test_cir_special_derivative_matches_finite_difference" time="0.002" /><testcase classname="tests.test_ou" name="test_ou_exact_density_matches_ar1_formula" time="0.002" /><testcase classname="tests.test_ou" name="test_ou_simulation_parameter_recovery" time="1.017" /><testcase classname="tests.test_pair_builder" name="test_exact_time_matching_skips_gap" time="0.003" /><testcase classname="tests.test_pair_builder" name="test_multistep_matching_is_timestamp_based" time="0.003" /><testcase classname="tests.test_reproducibility" name="test_fixed_seed_reproduces_bootstrap_indices" time="0.003" /><testcase classname="tests.test_transformed_models" name="test_affine_forward_inverse_accuracy" time="0.002" /><testcase classname="tests.test_transformed_models" name="test_affine_jacobian_matches_finite_difference" time="0.002" /></testsuite></testsuites>